<?xml version="1.0" encoding="UTF-8"?>
<!-- Generated by org.testng.reporters.JUnitReportReporter -->
<testsuite skipped="0" hostname="CDC2-D-CJ3MXJ2" name="TestMePackage1.OnlineShoppingTest" tests="5" failures="0" timestamp="17 Jul 2019 10:19:32 GMT" time="67.749" errors="0">
  <testcase name="OpenChrome" time="26.744" classname="TestMePackage1.OnlineShoppingTest"/>
  <testcase name="testRegistration" time="11.519" classname="TestMePackage1.OnlineShoppingTest"/>
  <testcase name="testLogin" time="6.196" classname="TestMePackage1.OnlineShoppingTest"/>
  <testcase name="testCart" time="5.590" classname="TestMePackage1.OnlineShoppingTest"/>
  <testcase name="testPayment" time="17.700" classname="TestMePackage1.OnlineShoppingTest"/>
</testsuite> <!-- TestMePackage1.OnlineShoppingTest -->
